


ARM Macro Assembler    Page 1 


    1 00000000         ; LCD.s
    2 00000000         ; Student names: Woongchan Lee & Ben Pretzer
    3 00000000         ; Last modification date: 4/22/2019
    4 00000000         
    5 00000000         ; Runs on LM4F120/TM4C123
    6 00000000         ; Use SSI0 to send an 8-bit code to the ST7735 160x128 p
                       ixel LCD.
    7 00000000         
    8 00000000         ; As part of Lab 7, students need to implement these LCD
                       _WriteCommand and LCD_WriteData
    9 00000000         ; This driver assumes two low-level LCD functions
   10 00000000         
   11 00000000         ; Backlight (pin 10) connected to +3.3 V
   12 00000000         ; MISO (pin 9) unconnected
   13 00000000         ; SCK (pin 8) connected to PA2 (SSI0Clk)
   14 00000000         ; MOSI (pin 7) connected to PA5 (SSI0Tx)
   15 00000000         ; TFT_CS (pin 6) connected to PA3 (SSI0Fss)
   16 00000000         ; CARD_CS (pin 5) unconnected
   17 00000000         ; Data/Command (pin 4) connected to PA6 (GPIO)
   18 00000000         ; RESET (pin 3) connected to PA7 (GPIO)
   19 00000000         ; VCC (pin 2) connected to +3.3 V
   20 00000000         ; Gnd (pin 1) connected to ground
   21 00000000         
   22 00000000 400043FC 
                       GPIO_PORTA_DATA_R
                               EQU              0x400043FC
   23 00000000 40004100 
                       DC      EQU              0x40004100
   24 00000000 00000000 
                       DC_COMMAND
                               EQU              0
   25 00000000 00000040 
                       DC_DATA EQU              0x40
   26 00000000 40008008 
                       SSI0_DR_R
                               EQU              0x40008008
   27 00000000 4000800C 
                       SSI0_SR_R
                               EQU              0x4000800C
   28 00000000 00000004 
                       SSI_SR_RNE
                               EQU              0x00000004  ; SSI Receive FIFO 
                                                            Not Empty
   29 00000000 00000010 
                       SSI_SR_BSY
                               EQU              0x00000010  ; SSI Busy Bit
   30 00000000 00000002 
                       SSI_SR_TNF
                               EQU              0x00000002  ; SSI Transmit FIFO
                                                             Not Full
   31 00000000         
   32 00000000                 EXPORT           writecommand
   33 00000000                 EXPORT           writedata
   34 00000000         
   35 00000000                 AREA             |.text|, CODE, READONLY, ALIGN=
2
   36 00000000                 THUMB
   37 00000000                 ALIGN
   38 00000000         



ARM Macro Assembler    Page 2 


   39 00000000         ; The Data/Command pin must be valid when the eighth bit
                        is
   40 00000000         ; sent.  The SSI module has hardware input and output FI
                       FOs
   41 00000000         ; that are 8 locations deep.  Based on the observation t
                       hat
   42 00000000         ; the LCD interface tends to send a few commands and the
                       n a
   43 00000000         ; lot of data, the FIFOs are not used when writing
   44 00000000         ; commands, and they are used when writing data.  This
   45 00000000         ; ensures that the Data/Command pin status matches the b
                       yte
   46 00000000         ; that is actually being transmitted.
   47 00000000         ; The write command operation waits until all data has b
                       een
   48 00000000         ; sent, configures the Data/Command pin for commands, se
                       nds
   49 00000000         ; the command, and then waits for the transmission to
   50 00000000         ; finish.
   51 00000000         ; The write data operation waits until there is room in 
                       the
   52 00000000         ; transmit FIFO, configures the Data/Command pin for dat
                       a,
   53 00000000         ; and then adds the data to the transmit FIFO.
   54 00000000         ; NOTE: These functions will crash or stall indefinitely
                        if
   55 00000000         ; the SSI0 module is not initialized and enabled.
   56 00000000         
   57 00000000         ; This is a helper function that sends an 8-bit command 
                       to the LCD.
   58 00000000         ; Input: R0  8-bit command to transmit
   59 00000000         ; Output: none
   60 00000000         ; Assumes: SSI0 and port A have already been initialized
                        and enabled
   61 00000000         writecommand
   62 00000000         ;;--UUU-- Complete this (copy from Lab7-8)
   63 00000000         ;; Code to write a command to the LCD
   64 00000000         ;1) Read SSI0_SR_R and check bit 4, 
   65 00000000         ;2) If bit 4 is high, loop back to step 1 (wait for BUSY
                        bit to be low)
   66 00000000         ;3) Clear D/C=PA6 to zero
   67 00000000         ;4) Write the command to SSI0_DR_R
   68 00000000         ;5) Read SSI0_SR_R and check bit 4, 
   69 00000000         ;6) If bit 4 is high, loop back to step 5 (wait for BUSY
                        bit to be low)
   70 00000000 4A13            LDR              R2, =SSI0_SR_R
   71 00000002         wait1
   72 00000002 6811            LDR              R1,[R2]     ; Read bit 4 of SSI
                                                            0_SR_R
   73 00000004 F001 0110       AND              R1,#0x10
   74 00000008 EA4F 1111       LSR              R1,#4
   75 0000000C 2900            CMP              R1,#0
   76 0000000E D1F8            BNE              wait1       ; If bit 4 high, lo
                                                            op back
   77 00000010 4A10            LDR              R2,=GPIO_PORTA_DATA_R
   78 00000012 6811            LDR              R1,[R2]
   79 00000014 F001 01BF       AND              R1,#0xBF
   80 00000018 6011            STR              R1,[R2]     ; Clear D/C
   81 0000001A 4A0F            LDR              R2,=SSI0_DR_R



ARM Macro Assembler    Page 3 


   82 0000001C 6010            STR              R0,[R2]     ; Write command to 
                                                            SSI0_DR_R
   83 0000001E 4A0C            LDR              R2, =SSI0_SR_R
   84 00000020         wait2
   85 00000020 6811            LDR              R1,[R2]     ; Read bit 4 of SSI
                                                            0_SR_R
   86 00000022 F001 0110       AND              R1,#0x10
   87 00000026 EA4F 1111       LSR              R1,#4
   88 0000002A 2900            CMP              R1,#0
   89 0000002C D1F8            BNE              wait2       ; If bit 4 high, lo
                                                            op back
   90 0000002E 4770            BX               LR          ;   return
   91 00000030         
   92 00000030         ; This is a helper function that sends an 8-bit data to 
                       the LCD.
   93 00000030         ; Input: R0  8-bit data to transmit
   94 00000030         ; Output: none
   95 00000030         ; Assumes: SSI0 and port A have already been initialized
                        and enabled
   96 00000030         writedata
   97 00000030         ;;--UUU-- Complete this (copy from Lab7-8)
   98 00000030         ;; Code to write data to the LCD
   99 00000030         ;1) Read SSI0_SR_R and check bit 1, 
  100 00000030         ;2) If bit 1 is low loop back to step 1 (wait for TNF bi
                       t to be high)
  101 00000030         ;3) Set D/C=PA6 to one
  102 00000030         ;4) Write the 8-bit data to SSI0_DR_R
  103 00000030 4A07            LDR              R2, =SSI0_SR_R
  104 00000032         loop1
  105 00000032 6811            LDR              R1,[R2]     ; Read bit 1 of SSI
                                                            0_SR_R
  106 00000034 F001 0102       AND              R1,#0x2
  107 00000038 EA4F 0151       LSR              R1,#1
  108 0000003C 2900            CMP              R1,#0
  109 0000003E D0F8            BEQ              loop1       ; If bit 1 high, lo
                                                            op back
  110 00000040 4A04            LDR              R2,=GPIO_PORTA_DATA_R
  111 00000042 6811            LDR              R1,[R2]
  112 00000044 F041 0140       ORR              R1,#0x40
  113 00000048 6011            STR              R1,[R2]     ; Set D/C to high
  114 0000004A 4A03            LDR              R2,=SSI0_DR_R
  115 0000004C 6010            STR              R0,[R2]     ; Write data to SSI
                                                            0_DR_R
  116 0000004E 4770            BX               LR          ;   return
  117 00000050         
  118 00000050         
  119 00000050         ;***************************************************
  120 00000050         ; This is a library for the Adafruit 1.8" SPI display.
  121 00000050         ; This library works with the Adafruit 1.8" TFT Breakout
                        w/SD card
  122 00000050         ; ----> http://www.adafruit.com/products/358
  123 00000050         ; as well as Adafruit raw 1.8" TFT display
  124 00000050         ; ----> http://www.adafruit.com/products/618
  125 00000050         ;
  126 00000050         ; Check out the links above for our tutorials and wiring
                        diagrams
  127 00000050         ; These displays use SPI to communicate, 4 or 5 pins are
                        required to
  128 00000050         ; interface (RST is optional)



ARM Macro Assembler    Page 4 


  129 00000050         ; Adafruit invests time and resources providing this ope
                       n source code,
  130 00000050         ; please support Adafruit and open-source hardware by pu
                       rchasing
  131 00000050         ; products from Adafruit!
  132 00000050         ;
  133 00000050         ; Written by Limor Fried/Ladyada for Adafruit Industries
                       .
  134 00000050         ; MIT license, all text above must be included in any re
                       distribution
  135 00000050         ;****************************************************
  136 00000050         
  137 00000050                 ALIGN                        ; make sure the end
                                                             of this section is
                                                             aligned
  138 00000050                 END                          ; end of file
              4000800C 
              400043FC 
              40008008 
Command Line: --debug --xref --diag_suppress=9931 --cpu=Cortex-M4 --apcs=interw
ork --depend=.\lcd.d -o.\lcd.o -I.\RTE\_SpaceInvaders -IC:\Keil_v5\ARM\PACK\ARM
\CMSIS\5.4.0\CMSIS\Core\Include -IC:\Keil_v5\ARM\PACK\Keil\TM4C_DFP\1.1.0\Devic
e\Include\TM4C123 --predefine="__EVAL SETA 1" --predefine="__UVISION_VERSION SE
TA 526" --predefine="_RTE_ SETA 1" --predefine="TM4C123GH6PM SETA 1" --list=.\l
cd.lst LCD.s



ARM Macro Assembler    Page 1 Alphabetic symbol ordering
Relocatable symbols

.text 00000000

Symbol: .text
   Definitions
      At line 35 in file LCD.s
   Uses
      None
Comment: .text unused
loop1 00000032

Symbol: loop1
   Definitions
      At line 104 in file LCD.s
   Uses
      At line 109 in file LCD.s
Comment: loop1 used once
wait1 00000002

Symbol: wait1
   Definitions
      At line 71 in file LCD.s
   Uses
      At line 76 in file LCD.s
Comment: wait1 used once
wait2 00000020

Symbol: wait2
   Definitions
      At line 84 in file LCD.s
   Uses
      At line 89 in file LCD.s
Comment: wait2 used once
writecommand 00000000

Symbol: writecommand
   Definitions
      At line 61 in file LCD.s
   Uses
      At line 32 in file LCD.s
Comment: writecommand used once
writedata 00000030

Symbol: writedata
   Definitions
      At line 96 in file LCD.s
   Uses
      At line 33 in file LCD.s
Comment: writedata used once
6 symbols



ARM Macro Assembler    Page 1 Alphabetic symbol ordering
Absolute symbols

DC 40004100

Symbol: DC
   Definitions
      At line 23 in file LCD.s
   Uses
      None
Comment: DC unused
DC_COMMAND 00000000

Symbol: DC_COMMAND
   Definitions
      At line 24 in file LCD.s
   Uses
      None
Comment: DC_COMMAND unused
DC_DATA 00000040

Symbol: DC_DATA
   Definitions
      At line 25 in file LCD.s
   Uses
      None
Comment: DC_DATA unused
GPIO_PORTA_DATA_R 400043FC

Symbol: GPIO_PORTA_DATA_R
   Definitions
      At line 22 in file LCD.s
   Uses
      At line 77 in file LCD.s
      At line 110 in file LCD.s

SSI0_DR_R 40008008

Symbol: SSI0_DR_R
   Definitions
      At line 26 in file LCD.s
   Uses
      At line 81 in file LCD.s
      At line 114 in file LCD.s

SSI0_SR_R 4000800C

Symbol: SSI0_SR_R
   Definitions
      At line 27 in file LCD.s
   Uses
      At line 70 in file LCD.s
      At line 83 in file LCD.s
      At line 103 in file LCD.s

SSI_SR_BSY 00000010

Symbol: SSI_SR_BSY
   Definitions
      At line 29 in file LCD.s
   Uses
      None



ARM Macro Assembler    Page 2 Alphabetic symbol ordering
Absolute symbols

Comment: SSI_SR_BSY unused
SSI_SR_RNE 00000004

Symbol: SSI_SR_RNE
   Definitions
      At line 28 in file LCD.s
   Uses
      None
Comment: SSI_SR_RNE unused
SSI_SR_TNF 00000002

Symbol: SSI_SR_TNF
   Definitions
      At line 30 in file LCD.s
   Uses
      None
Comment: SSI_SR_TNF unused
9 symbols
351 symbols in table
