


ARM Macro Assembler    Page 1 


    1 00000000         ; Print.s
    2 00000000         ; Student names: Woongchan Lee and Ben Pretzer
    3 00000000         ; Last modification date: 4/22/2019
    4 00000000         ; Runs on LM4F120 or TM4C123
    5 00000000         ; EE319K lab 7 device driver for any LCD
    6 00000000         ;
    7 00000000         ; As part of Lab 7, students need to implement these LCD
                       _OutDec and LCD_OutFix
    8 00000000         ; This driver assumes two low-level LCD functions
    9 00000000         ; ST7735_OutChar   outputs a single 8-bit ASCII characte
                       r
   10 00000000         ; ST7735_OutString outputs a null-terminated string 
   11 00000000         
   12 00000000                 IMPORT           ST7735_OutChar
   13 00000000                 IMPORT           ST7735_OutString
   14 00000000                 EXPORT           LCD_OutDec
   15 00000000                 EXPORT           LCD_OutFix
   16 00000000         
   17 00000000                 AREA             |.text|, CODE, READONLY, ALIGN=
2
   18 00000000                 THUMB
   19 00000000 00002710 
                       big     EQU              10000
   20 00000000         
   21 00000000         ;-----------------------LCD_OutDec----------------------
                       -
   22 00000000         ; Output a 32-bit number in unsigned decimal format
   23 00000000         ; Input: R0 (call by value) 32-bit unsigned number
   24 00000000         ; Output: none
   25 00000000         ; Invariables: This function must not permanently modify
                        registers R4 to R11
   26 00000000         LCD_OutDec
   27 00000000 B513            PUSH             {R0,R1,R4,LR} ; save registers
   28 00000002 280A            CMP              R0,#10
   29 00000004 D312            BLO              Base        ; base case if R0 <
                                                             10
   30 00000006 F04F 040A       MOV              R4,#10
   31 0000000A 4601            MOV              R1,R0
   32 0000000C FBB0 F0F4       UDIV             R0,R4
   33 00000010 F7FF FFFE       BL               LCD_OutDec  ; OutDec(num/10)
   34 00000014 4608            MOV              R0,R1
   35 00000016 FBB0 F1F4       UDIV             R1,R0,R4    ; mod function
   36 0000001A FB01 F104       MUL              R1,R4
   37 0000001E EBA0 0001       SUB              R0,R1       ; R0 = R0 % 10
   38 00000022 F100 0030       ADD              R0,#0x30
   39 00000026 F7FF FFFE       BL               ST7735_OutChar ; ST7735_OutChar
                                                            (num % 10)
   40 0000002A E003            B                Done
   41 0000002C         Base
   42 0000002C F100 0030       ADD              R0,#0x30    ; base case
   43 00000030 F7FF FFFE       BL               ST7735_OutChar
   44 00000034         Done
   45 00000034 E8BD 4013       POP              {R0,R1,R4,LR}
   46 00000038 4770            BX               LR
   47 0000003A         ;* * * * * * * * End of LCD_OutDec * * * * * * * *
   48 0000003A         
   49 0000003A         ; -----------------------LCD _OutFix--------------------
                       --
   50 0000003A         ; Output characters to LCD display in fixed-point format



ARM Macro Assembler    Page 2 


                       
   51 0000003A         ; unsigned decimal, resolution 0.001, range 0.000 to 9.9
                       99
   52 0000003A         ; Inputs:  R0 is an unsigned 32-bit number
   53 0000003A         ; Outputs: none
   54 0000003A         ; E.g., R0=0,    then output "0.000 "
   55 0000003A         ;       R0=3,    then output "0.003 "
   56 0000003A         ;       R0=89,   then output "0.089 "
   57 0000003A         ;       R0=123,  then output "0.123 "
   58 0000003A         ;       R0=9999, then output "9.999 "
   59 0000003A         ;       R0>9999, then output "*.*** "
   60 0000003A         ; Invariables: This function must not permanently modify
                        registers R4 to R11
   61 0000003A         LCD_OutFix
   62 0000003A B510            PUSH             {R4,LR}
   63 0000003C F242 7110       LDR              R1,=big
   64 00000040 4288            CMP              R0,R1
   65 00000042 D24E            BHS              asterisk    ; if input is too l
                                                            arge
   66 00000044         
   67 00000044 F44F 737A       MOV              R3,#1000
   68 00000048 4601            MOV              R1,R0
   69 0000004A FBB1 F1F3       UDIV             R1,R3
   70 0000004E F101 0130       ADD              R1,#0x30
   71 00000052 4604            MOV              R4,R0
   72 00000054 4608            MOV              R0,R1
   73 00000056 F7FF FFFE       BL               ST7735_OutChar ; print "#"
   74 0000005A 4620            MOV              R0,R4
   75 0000005C         
   76 0000005C F04F 012E       MOV              R1,#0x2E    ; contains '.'
   77 00000060 4604            MOV              R4,R0
   78 00000062 4608            MOV              R0,R1
   79 00000064 F7FF FFFE       BL               ST7735_OutChar ; print "."
   80 00000068 4620            MOV              R0,R4
   81 0000006A         
   82 0000006A F04F 0364       MOV              R3,#100
   83 0000006E 4601            MOV              R1,R0
   84 00000070 FBB1 F1F3       UDIV             R1,R3
   85 00000074 F04F 030A       MOV              R3,#10
   86 00000078 FBB1 F2F3       UDIV             R2,R1,R3    ; mod function
   87 0000007C FB02 F203       MUL              R2,R3
   88 00000080 EBA1 0102       SUB              R1,R2       ; R1 = R1 % 10
   89 00000084 F101 0130       ADD              R1,#0x30
   90 00000088 4604            MOV              R4,R0
   91 0000008A 4608            MOV              R0,R1
   92 0000008C F7FF FFFE       BL               ST7735_OutChar ; print "#"
   93 00000090 4620            MOV              R0,R4
   94 00000092         
   95 00000092 F04F 030A       MOV              R3,#10
   96 00000096 4601            MOV              R1,R0
   97 00000098 FBB1 F1F3       UDIV             R1,R3
   98 0000009C FBB1 F2F3       UDIV             R2,R1,R3    ; mod function
   99 000000A0 FB02 F203       MUL              R2,R3
  100 000000A4 EBA1 0102       SUB              R1,R2       ; R1 = R1 % 10
  101 000000A8 F101 0130       ADD              R1,#0x30
  102 000000AC 4604            MOV              R4,R0
  103 000000AE 4608            MOV              R0,R1
  104 000000B0 F7FF FFFE       BL               ST7735_OutChar ; print "#"
  105 000000B4 4620            MOV              R0,R4



ARM Macro Assembler    Page 3 


  106 000000B6         
  107 000000B6 F04F 030A       MOV              R3,#10
  108 000000BA 4601            MOV              R1,R0
  109 000000BC FBB1 F2F3       UDIV             R2,R1,R3    ; mod function
  110 000000C0 FB02 F203       MUL              R2,R3
  111 000000C4 EBA1 0102       SUB              R1,R2       ; R1 = R1 % 10
  112 000000C8 F101 0130       ADD              R1,#0x30
  113 000000CC 4604            MOV              R4,R0
  114 000000CE 4608            MOV              R0,R1
  115 000000D0 F7FF FFFE       BL               ST7735_OutChar ; print "#"
  116 000000D4 4620            MOV              R0,R4
  117 000000D6         
  118 000000D6 F04F 0120       MOV              R1,#0x20    ; contains ' '
  119 000000DA 4608            MOV              R0,R1
  120 000000DC F7FF FFFE       BL               ST7735_OutChar ; print " "
  121 000000E0 E017            B                done
  122 000000E2         
  123 000000E2         asterisk
  124 000000E2 F04F 002A       MOV              R0,#0x2A    ; contains '*'
  125 000000E6 F7FF FFFE       BL               ST7735_OutChar ; print "*"
  126 000000EA F04F 002E       MOV              R0,#0x2E    ; contains '.'
  127 000000EE F7FF FFFE       BL               ST7735_OutChar ; print "."
  128 000000F2 F04F 002A       MOV              R0,#0x2A    ; contains '*'
  129 000000F6 F7FF FFFE       BL               ST7735_OutChar ; print "*"
  130 000000FA F04F 002A       MOV              R0,#0x2A    ; contains '*'
  131 000000FE F7FF FFFE       BL               ST7735_OutChar ; print "*"
  132 00000102 F04F 002A       MOV              R0,#0x2A    ; contains '*'
  133 00000106 F7FF FFFE       BL               ST7735_OutChar ; print "*"
  134 0000010A F04F 0020       MOV              R0,#0x20    ; contains ' '
  135 0000010E F7FF FFFE       BL               ST7735_OutChar ; print " "
  136 00000112         
  137 00000112         done
  138 00000112 E8BD 4010       POP              {R4,LR}
  139 00000116 4770            BX               LR
  140 00000118         ;* * * * * * * * End of LCD_OutFix * * * * * * * *
  141 00000118         
  142 00000118                 ALIGN                        ; make sure the end
                                                             of this section is
                                                             aligned
  143 00000118                 END                          ; end of file
Command Line: --debug --xref --diag_suppress=9931 --cpu=Cortex-M4 --apcs=interw
ork --depend=.\print.d -o.\print.o -I.\RTE\_SpaceInvaders -IC:\Keil_v5\ARM\PACK
\ARM\CMSIS\5.4.0\CMSIS\Core\Include -IC:\Keil_v5\ARM\PACK\Keil\TM4C_DFP\1.1.0\D
evice\Include\TM4C123 --predefine="__EVAL SETA 1" --predefine="__UVISION_VERSIO
N SETA 526" --predefine="_RTE_ SETA 1" --predefine="TM4C123GH6PM SETA 1" --list
=.\print.lst Print.s



ARM Macro Assembler    Page 1 Alphabetic symbol ordering
Relocatable symbols

.text 00000000

Symbol: .text
   Definitions
      At line 17 in file Print.s
   Uses
      None
Comment: .text unused
Base 0000002C

Symbol: Base
   Definitions
      At line 41 in file Print.s
   Uses
      At line 29 in file Print.s
Comment: Base used once
Done 00000034

Symbol: Done
   Definitions
      At line 44 in file Print.s
   Uses
      At line 40 in file Print.s
Comment: Done used once
LCD_OutDec 00000000

Symbol: LCD_OutDec
   Definitions
      At line 26 in file Print.s
   Uses
      At line 14 in file Print.s
      At line 33 in file Print.s

LCD_OutFix 0000003A

Symbol: LCD_OutFix
   Definitions
      At line 61 in file Print.s
   Uses
      At line 15 in file Print.s
Comment: LCD_OutFix used once
asterisk 000000E2

Symbol: asterisk
   Definitions
      At line 123 in file Print.s
   Uses
      At line 65 in file Print.s
Comment: asterisk used once
done 00000112

Symbol: done
   Definitions
      At line 137 in file Print.s
   Uses
      At line 121 in file Print.s
Comment: done used once
7 symbols



ARM Macro Assembler    Page 1 Alphabetic symbol ordering
Absolute symbols

big 00002710

Symbol: big
   Definitions
      At line 19 in file Print.s
   Uses
      At line 63 in file Print.s
Comment: big used once
1 symbol



ARM Macro Assembler    Page 1 Alphabetic symbol ordering
External symbols

ST7735_OutChar 00000000

Symbol: ST7735_OutChar
   Definitions
      At line 12 in file Print.s
   Uses
      At line 39 in file Print.s
      At line 43 in file Print.s
      At line 73 in file Print.s
      At line 79 in file Print.s
      At line 92 in file Print.s
      At line 104 in file Print.s
      At line 115 in file Print.s
      At line 120 in file Print.s
      At line 125 in file Print.s
      At line 127 in file Print.s
      At line 129 in file Print.s
      At line 131 in file Print.s
      At line 133 in file Print.s
      At line 135 in file Print.s

ST7735_OutString 00000000

Symbol: ST7735_OutString
   Definitions
      At line 13 in file Print.s
   Uses
      None
Comment: ST7735_OutString unused
2 symbols
344 symbols in table
